TN:
SF:src\gilded_rose.js
FN:2,(anonymous_0)
FN:10,(anonymous_1)
FN:13,(anonymous_2)
FNF:3
FNH:3
FNDA:13,(anonymous_0)
FNDA:13,(anonymous_1)
FNDA:13,(anonymous_2)
DA:3,13
DA:4,13
DA:5,13
DA:11,13
DA:14,13
DA:15,13
DA:19,7
DA:20,6
DA:21,5
DA:25,6
DA:26,5
DA:27,5
DA:30,4
DA:31,3
DA:32,3
DA:35,4
DA:36,2
DA:37,2
DA:43,13
DA:44,12
DA:46,13
DA:47,4
DA:48,4
DA:51,3
DA:52,2
DA:53,2
DA:57,1
DA:61,0
DA:62,0
DA:68,13
DA:72,1
LF:31
LH:29
BRDA:10,0,0,0
BRDA:15,1,0,7
BRDA:15,1,1,6
BRDA:16,2,0,13
BRDA:16,2,1,11
BRDA:19,3,0,6
BRDA:19,3,1,1
BRDA:20,4,0,5
BRDA:20,4,1,1
BRDA:25,5,0,5
BRDA:25,5,1,1
BRDA:27,6,0,4
BRDA:27,6,1,1
BRDA:30,7,0,3
BRDA:30,7,1,1
BRDA:31,8,0,3
BRDA:31,8,1,0
BRDA:35,9,0,2
BRDA:35,9,1,2
BRDA:36,10,0,2
BRDA:36,10,1,0
BRDA:43,11,0,12
BRDA:43,11,1,1
BRDA:46,12,0,4
BRDA:46,12,1,9
BRDA:47,13,0,4
BRDA:47,13,1,0
BRDA:48,14,0,3
BRDA:48,14,1,1
BRDA:51,15,0,2
BRDA:51,15,1,1
BRDA:52,16,0,2
BRDA:52,16,1,0
BRDA:61,17,0,0
BRDA:61,17,1,0
BRF:35
BRH:28
end_of_record
